This file contains any messages produced by compilers while
running configure, to aid debugging if configure makes a mistake.

It was created by SDL2_image configure 2.9.0, which was
generated by GNU Autoconf 2.71.  Invocation command line was

  $ ./configure --host=powerpc-apple-macos 'SDL_LIBS=-L/home/nick/Retro68-build/toolchain/powerpc-apple-macos/lib -lSDL2 -lm' SDL_CFLAGS=-I/home/nick/Retro68-build/toolchain/powerpc-apple-macos/include/SDL2 --enable-tif=no --enable-webp=no --enable-avif=no --enable-jxl=no

## --------- ##
## Platform. ##
## --------- ##

hostname = nick-hplaptop17by0xxx
uname -m = x86_64
uname -r = 6.8.0-58-generic
uname -s = Linux
uname -v = #60-Ubuntu SMP PREEMPT_DYNAMIC Fri Mar 14 18:29:48 UTC 2025

/usr/bin/uname -p = x86_64
/bin/uname -X     = unknown

/bin/arch              = x86_64
/usr/bin/arch -k       = unknown
/usr/convex/getsysinfo = unknown
/usr/bin/hostinfo      = unknown
/bin/machine           = unknown
/usr/bin/oslevel       = unknown
/bin/universe          = unknown

PATH: /usr/local/sbin/
PATH: /usr/local/bin/
PATH: /usr/sbin/
PATH: /usr/bin/
PATH: /sbin/
PATH: /bin/
PATH: /usr/games/
PATH: /usr/local/games/
PATH: /snap/bin/
PATH: /home/nick/Retro68-build/toolchain/bin/
PATH: /opt/m68k-amigaos/bin/


## ----------- ##
## Core tests. ##
## ----------- ##

configure:2764: looking for aux files: missing install-sh compile config.guess config.sub ltmain.sh
configure:2777:  trying ./
configure:2806:   ./missing found
configure:2788:   ./install-sh found
configure:2806:   ./compile found
configure:2806:   ./config.guess found
configure:2806:   ./config.sub found
configure:2806:   ./ltmain.sh found
configure:2970: checking build system type
configure:2985: result: x86_64-pc-linux-gnu
configure:3005: checking host system type
configure:3019: result: powerpc-apple-macos
configure:3060: checking for powerpc-apple-macos-gcc
configure:3081: found /home/nick/Retro68-build/toolchain/bin/powerpc-apple-macos-gcc
configure:3092: result: powerpc-apple-macos-gcc
configure:3490: checking for C compiler version
configure:3499: powerpc-apple-macos-gcc --version >&5
powerpc-apple-macos-gcc (GCC) 12.2.0
Copyright (C) 2022 Free Software Foundation, Inc.
This is free software; see the source for copying conditions.  There is NO
warranty; not even for MERCHANTABILITY or FITNESS FOR A PARTICULAR PURPOSE.

configure:3510: $? = 0
configure:3499: powerpc-apple-macos-gcc -v >&5
Using built-in specs.
COLLECT_GCC=powerpc-apple-macos-gcc
COLLECT_LTO_WRAPPER=/home/nick/Retro68-build/toolchain/libexec/gcc/powerpc-apple-macos/12.2.0/lto-wrapper
Target: powerpc-apple-macos
Configured with: /home/nick/Retro68/gcc/configure --target=powerpc-apple-macos --prefix=/home/nick/Retro68-build/toolchain/ --enable-languages=c,c++ --disable-libssp --disable-lto MAKEINFO=missing
Thread model: aix
Supported LTO compression algorithms: zlib zstd
gcc version 12.2.0 (GCC) 
configure:3510: $? = 0
configure:3499: powerpc-apple-macos-gcc -V >&5
powerpc-apple-macos-gcc: error: unrecognized command-line option '-V'
powerpc-apple-macos-gcc: fatal error: no input files
compilation terminated.
configure:3510: $? = 1
configure:3499: powerpc-apple-macos-gcc -qversion >&5
powerpc-apple-macos-gcc: error: unrecognized command-line option '-qversion'; did you mean '--version'?
powerpc-apple-macos-gcc: fatal error: no input files
compilation terminated.
configure:3510: $? = 1
configure:3499: powerpc-apple-macos-gcc -version >&5
powerpc-apple-macos-gcc: error: unrecognized command-line option '-version'
powerpc-apple-macos-gcc: fatal error: no input files
compilation terminated.
configure:3510: $? = 1
configure:3530: checking whether the C compiler works
configure:3552: powerpc-apple-macos-gcc    conftest.c  >&5
configure:3556: $? = 0
configure:3606: result: yes
configure:3609: checking for C compiler default output file name
configure:3611: result: a.out
configure:3617: checking for suffix of executables
configure:3624: powerpc-apple-macos-gcc -o conftest    conftest.c  >&5
configure:3628: $? = 0
configure:3651: result: 
configure:3673: checking whether we are cross compiling
configure:3681: powerpc-apple-macos-gcc -o conftest    conftest.c  >&5
configure:3685: $? = 0
configure:3692: ./conftest
./configure: line 3694: ./conftest: cannot execute binary file: Exec format error
configure:3696: $? = 126
configure:3711: result: yes
configure:3716: checking for suffix of object files
configure:3739: powerpc-apple-macos-gcc -c   conftest.c >&5
configure:3743: $? = 0
configure:3765: result: o
configure:3769: checking whether the compiler supports GNU C
configure:3789: powerpc-apple-macos-gcc -c   conftest.c >&5
configure:3789: $? = 0
configure:3799: result: yes
configure:3810: checking whether powerpc-apple-macos-gcc accepts -g
configure:3831: powerpc-apple-macos-gcc -c -g  conftest.c >&5
configure:3831: $? = 0
configure:3875: result: yes
configure:3895: checking for powerpc-apple-macos-gcc option to enable C11 features
configure:3910: powerpc-apple-macos-gcc  -c -g -O2  conftest.c >&5
configure:3910: $? = 0
configure:3928: result: none needed
configure:4044: checking whether powerpc-apple-macos-gcc understands -c and -o together
configure:4067: powerpc-apple-macos-gcc -c conftest.c -o conftest2.o
configure:4070: $? = 0
configure:4067: powerpc-apple-macos-gcc -c conftest.c -o conftest2.o
configure:4070: $? = 0
configure:4082: result: yes
configure:4099: checking for a sed that does not truncate output
configure:4169: result: /usr/bin/sed
configure:4187: checking for grep that handles long lines and -e
configure:4251: result: /usr/bin/grep
configure:4256: checking for egrep
configure:4324: result: /usr/bin/grep -E
configure:4329: checking for fgrep
configure:4397: result: /usr/bin/grep -F
configure:4433: checking for ld used by powerpc-apple-macos-gcc
configure:4501: result: /home/nick/Retro68-build/toolchain/powerpc-apple-macos/bin/ld
configure:4508: checking if the linker (/home/nick/Retro68-build/toolchain/powerpc-apple-macos/bin/ld) is GNU ld
configure:4524: result: yes
configure:4536: checking for BSD- or MS-compatible name lister (nm)
configure:4586: result: /home/nick/Retro68-build/toolchain/bin/powerpc-apple-macos-nm -B
configure:4714: checking the name lister (/home/nick/Retro68-build/toolchain/bin/powerpc-apple-macos-nm -B) interface
configure:4722: powerpc-apple-macos-gcc -c -g -O2  conftest.c >&5
configure:4725: /home/nick/Retro68-build/toolchain/bin/powerpc-apple-macos-nm -B "conftest.o"
configure:4728: output
00000000 d .data
00000000 t .text
00000000 d TOC
00000000 d _conftest.rw_
00000010 B some_variable
configure:4735: result: BSD nm
configure:4738: checking whether ln -s works
configure:4742: result: yes
configure:4750: checking the maximum length of command line arguments
configure:4877: result: 1572864
configure:4894: checking whether the shell understands some XSI constructs
configure:4904: result: yes
configure:4908: checking whether the shell understands "+="
configure:4914: result: yes
configure:4949: checking for /home/nick/Retro68-build/toolchain/powerpc-apple-macos/bin/ld option to reload object files
configure:4957: result: -r
configure:4986: checking for powerpc-apple-macos-objdump
configure:5007: found /home/nick/Retro68-build/toolchain/bin/powerpc-apple-macos-objdump
configure:5018: result: powerpc-apple-macos-objdump
configure:5092: checking how to recognize dependent libraries
configure:5294: result: unknown
configure:5314: checking for powerpc-apple-macos-ar
configure:5335: found /home/nick/Retro68-build/toolchain/bin/powerpc-apple-macos-ar
configure:5346: result: powerpc-apple-macos-ar
configure:5429: checking for powerpc-apple-macos-strip
configure:5450: found /home/nick/Retro68-build/toolchain/bin/powerpc-apple-macos-strip
configure:5461: result: powerpc-apple-macos-strip
configure:5538: checking for powerpc-apple-macos-ranlib
configure:5559: found /home/nick/Retro68-build/toolchain/bin/powerpc-apple-macos-ranlib
configure:5570: result: powerpc-apple-macos-ranlib
configure:5705: checking command to parse /home/nick/Retro68-build/toolchain/bin/powerpc-apple-macos-nm -B output from powerpc-apple-macos-gcc object
configure:5824: powerpc-apple-macos-gcc -c -g -O2  conftest.c >&5
configure:5827: $? = 0
configure:5831: /home/nick/Retro68-build/toolchain/bin/powerpc-apple-macos-nm -B conftest.o \| sed -n -e 's/^.*[	 ]\([ABCDGIRSTW][ABCDGIRSTW]*\)[	 ][	 ]*\([_A-Za-z][_A-Za-z0-9]*\)$/\1 \2 \2/p' \> conftest.nm
configure:5834: $? = 0
configure:5888: powerpc-apple-macos-gcc -o conftest -g -O2   conftest.c conftstm.o >&5
configure:5891: $? = 0
configure:5929: result: ok
configure:6791: checking for stdio.h
configure:6791: powerpc-apple-macos-gcc -c -g -O2  conftest.c >&5
configure:6791: $? = 0
configure:6791: result: yes
configure:6791: checking for stdlib.h
configure:6791: powerpc-apple-macos-gcc -c -g -O2  conftest.c >&5
configure:6791: $? = 0
configure:6791: result: yes
configure:6791: checking for string.h
configure:6791: powerpc-apple-macos-gcc -c -g -O2  conftest.c >&5
configure:6791: $? = 0
configure:6791: result: yes
configure:6791: checking for inttypes.h
configure:6791: powerpc-apple-macos-gcc -c -g -O2  conftest.c >&5
configure:6791: $? = 0
configure:6791: result: yes
configure:6791: checking for stdint.h
configure:6791: powerpc-apple-macos-gcc -c -g -O2  conftest.c >&5
configure:6791: $? = 0
configure:6791: result: yes
configure:6791: checking for strings.h
configure:6791: powerpc-apple-macos-gcc -c -g -O2  conftest.c >&5
configure:6791: $? = 0
configure:6791: result: yes
configure:6791: checking for sys/stat.h
configure:6791: powerpc-apple-macos-gcc -c -g -O2  conftest.c >&5
configure:6791: $? = 0
configure:6791: result: yes
configure:6791: checking for sys/types.h
configure:6791: powerpc-apple-macos-gcc -c -g -O2  conftest.c >&5
configure:6791: $? = 0
configure:6791: result: yes
configure:6791: checking for unistd.h
configure:6791: powerpc-apple-macos-gcc -c -g -O2  conftest.c >&5
configure:6791: $? = 0
configure:6791: result: yes
configure:6816: checking for dlfcn.h
configure:6816: powerpc-apple-macos-gcc -c -g -O2  conftest.c >&5
conftest.c:48:10: fatal error: dlfcn.h: No such file or directory
   48 | #include <dlfcn.h>
      |          ^~~~~~~~~
compilation terminated.
configure:6816: $? = 1
configure: failed program was:
| /* confdefs.h */
| #define PACKAGE_NAME "SDL2_image"
| #define PACKAGE_TARNAME "SDL2_image"
| #define PACKAGE_VERSION "2.9.0"
| #define PACKAGE_STRING "SDL2_image 2.9.0"
| #define PACKAGE_BUGREPORT "https://github.com/libsdl-org/SDL_image/issues"
| #define PACKAGE_URL ""
| #define HAVE_STDIO_H 1
| #define HAVE_STDLIB_H 1
| #define HAVE_STRING_H 1
| #define HAVE_INTTYPES_H 1
| #define HAVE_STDINT_H 1
| #define HAVE_STRINGS_H 1
| #define HAVE_SYS_STAT_H 1
| #define HAVE_SYS_TYPES_H 1
| #define HAVE_UNISTD_H 1
| #define STDC_HEADERS 1
| /* end confdefs.h.  */
| #include <stddef.h>
| #ifdef HAVE_STDIO_H
| # include <stdio.h>
| #endif
| #ifdef HAVE_STDLIB_H
| # include <stdlib.h>
| #endif
| #ifdef HAVE_STRING_H
| # include <string.h>
| #endif
| #ifdef HAVE_INTTYPES_H
| # include <inttypes.h>
| #endif
| #ifdef HAVE_STDINT_H
| # include <stdint.h>
| #endif
| #ifdef HAVE_STRINGS_H
| # include <strings.h>
| #endif
| #ifdef HAVE_SYS_TYPES_H
| # include <sys/types.h>
| #endif
| #ifdef HAVE_SYS_STAT_H
| # include <sys/stat.h>
| #endif
| #ifdef HAVE_UNISTD_H
| # include <unistd.h>
| #endif
| 
| #include <dlfcn.h>
configure:6816: result: no
configure:7329: checking for objdir
configure:7345: result: .libs
configure:7641: checking if powerpc-apple-macos-gcc supports -fno-rtti -fno-exceptions
configure:7660: powerpc-apple-macos-gcc -c -g -O2  -fno-rtti -fno-exceptions conftest.c >&5
cc1: warning: command-line option '-fno-rtti' is valid for C++/D/ObjC++ but not for C
configure:7664: $? = 0
configure:7677: result: no
configure:7697: checking for powerpc-apple-macos-gcc option to produce PIC
configure:7979: result: -fPIC -DPIC
configure:7991: checking if powerpc-apple-macos-gcc PIC flag -fPIC -DPIC works
configure:8010: powerpc-apple-macos-gcc -c -g -O2  -fPIC -DPIC -DPIC conftest.c >&5
configure:8014: $? = 0
configure:8027: result: yes
configure:8051: checking if powerpc-apple-macos-gcc static flag -static works
configure:8080: result: yes
configure:8095: checking if powerpc-apple-macos-gcc supports -c -o file.o
configure:8117: powerpc-apple-macos-gcc -c -g -O2  -o out/conftest2.o conftest.c >&5
configure:8121: $? = 0
configure:8143: result: yes
configure:8151: checking if powerpc-apple-macos-gcc supports -c -o file.o
configure:8199: result: yes
configure:8232: checking whether the powerpc-apple-macos-gcc linker (/home/nick/Retro68-build/toolchain/powerpc-apple-macos/bin/ld) supports shared libraries
configure:9266: result: no
configure:9505: checking dynamic linker characteristics
configure:10181: result: no
configure:10283: checking how to hardcode library paths into programs
configure:10308: result: unsupported
configure:10832: checking whether stripping libraries is possible
configure:10837: result: yes
configure:10872: checking if libtool supports shared libraries
configure:10874: result: no
configure:10877: checking whether to build shared libraries
configure:10898: result: no
configure:10901: checking whether to build static libraries
configure:10905: result: yes
configure:10990: checking for a BSD-compatible install
configure:11063: result: /usr/bin/install -c
configure:11074: checking whether build environment is sane
configure:11129: result: yes
configure:11181: checking for powerpc-apple-macos-strip
configure:11213: result: powerpc-apple-macos-strip
configure:11284: checking for a race-free mkdir -p
configure:11328: result: /usr/bin/mkdir -p
configure:11335: checking for gawk
configure:11370: result: no
configure:11335: checking for mawk
configure:11356: found /usr/bin/mawk
configure:11367: result: mawk
configure:11378: checking whether make sets $(MAKE)
configure:11401: result: yes
configure:11423: checking whether make supports the include directive
configure:11438: make -f confmf.GNU && cat confinc.out
this is the am__doit target
configure:11441: $? = 0
configure:11460: result: yes (GNU style)
configure:11495: checking whether make supports nested variables
configure:11513: result: yes
configure:11598: checking whether UID '1000' is supported by ustar format
configure:11604: result: yes
configure:11611: checking whether GID '1000' is supported by ustar format
configure:11617: result: yes
configure:11625: checking how to create a ustar tar archive
configure:11636: tar --version
tar (GNU tar) 1.35
Copyright (C) 2023 Free Software Foundation, Inc.
License GPLv3+: GNU GPL version 3 or later <https://gnu.org/licenses/gpl.html>.
This is free software: you are free to change and redistribute it.
There is NO WARRANTY, to the extent permitted by law.

Written by John Gilmore and Jay Fenlason.
configure:11639: $? = 0
configure:11679: tardir=conftest.dir && eval tar --format=ustar -cf - "$tardir" >conftest.tar
configure:11682: $? = 0
configure:11686: tar -xf - <conftest.tar
configure:11689: $? = 0
configure:11691: cat conftest.dir/file
GrepMe
configure:11694: $? = 0
configure:11708: result: gnutar
configure:11717: checking dependency style of powerpc-apple-macos-gcc
configure:11829: result: gcc3
configure:11906: checking for gawk
configure:11938: result: mawk
configure:11957: checking for powerpc-apple-macos-gcc
configure:11989: result: powerpc-apple-macos-gcc
configure:12387: checking for C compiler version
configure:12396: powerpc-apple-macos-gcc --version >&5
powerpc-apple-macos-gcc (GCC) 12.2.0
Copyright (C) 2022 Free Software Foundation, Inc.
This is free software; see the source for copying conditions.  There is NO
warranty; not even for MERCHANTABILITY or FITNESS FOR A PARTICULAR PURPOSE.

configure:12407: $? = 0
configure:12396: powerpc-apple-macos-gcc -v >&5
Using built-in specs.
COLLECT_GCC=powerpc-apple-macos-gcc
COLLECT_LTO_WRAPPER=/home/nick/Retro68-build/toolchain/libexec/gcc/powerpc-apple-macos/12.2.0/lto-wrapper
Target: powerpc-apple-macos
Configured with: /home/nick/Retro68/gcc/configure --target=powerpc-apple-macos --prefix=/home/nick/Retro68-build/toolchain/ --enable-languages=c,c++ --disable-libssp --disable-lto MAKEINFO=missing
Thread model: aix
Supported LTO compression algorithms: zlib zstd
gcc version 12.2.0 (GCC) 
configure:12407: $? = 0
configure:12396: powerpc-apple-macos-gcc -V >&5
powerpc-apple-macos-gcc: error: unrecognized command-line option '-V'
powerpc-apple-macos-gcc: fatal error: no input files
compilation terminated.
configure:12407: $? = 1
configure:12396: powerpc-apple-macos-gcc -qversion >&5
powerpc-apple-macos-gcc: error: unrecognized command-line option '-qversion'; did you mean '--version'?
powerpc-apple-macos-gcc: fatal error: no input files
compilation terminated.
configure:12407: $? = 1
configure:12396: powerpc-apple-macos-gcc -version >&5
powerpc-apple-macos-gcc: error: unrecognized command-line option '-version'
powerpc-apple-macos-gcc: fatal error: no input files
compilation terminated.
configure:12407: $? = 1
configure:12411: checking whether the compiler supports GNU C
configure:12441: result: yes
configure:12452: checking whether powerpc-apple-macos-gcc accepts -g
configure:12517: result: yes
configure:12537: checking for powerpc-apple-macos-gcc option to enable C11 features
configure:12570: result: none needed
configure:12686: checking whether powerpc-apple-macos-gcc understands -c and -o together
configure:12724: result: yes
configure:12751: checking for powerpc-apple-macos-gcc
configure:12772: found /home/nick/Retro68-build/toolchain/bin/powerpc-apple-macos-gcc
configure:12783: result: powerpc-apple-macos-gcc
configure:12857: checking for Objective C compiler version
configure:12866: powerpc-apple-macos-gcc --version >&5
powerpc-apple-macos-gcc (GCC) 12.2.0
Copyright (C) 2022 Free Software Foundation, Inc.
This is free software; see the source for copying conditions.  There is NO
warranty; not even for MERCHANTABILITY or FITNESS FOR A PARTICULAR PURPOSE.

configure:12877: $? = 0
configure:12866: powerpc-apple-macos-gcc -v >&5
Using built-in specs.
COLLECT_GCC=powerpc-apple-macos-gcc
COLLECT_LTO_WRAPPER=/home/nick/Retro68-build/toolchain/libexec/gcc/powerpc-apple-macos/12.2.0/lto-wrapper
Target: powerpc-apple-macos
Configured with: /home/nick/Retro68/gcc/configure --target=powerpc-apple-macos --prefix=/home/nick/Retro68-build/toolchain/ --enable-languages=c,c++ --disable-libssp --disable-lto MAKEINFO=missing
Thread model: aix
Supported LTO compression algorithms: zlib zstd
gcc version 12.2.0 (GCC) 
configure:12877: $? = 0
configure:12866: powerpc-apple-macos-gcc -V >&5
powerpc-apple-macos-gcc: error: unrecognized command-line option '-V'
powerpc-apple-macos-gcc: fatal error: no input files
compilation terminated.
configure:12877: $? = 1
configure:12866: powerpc-apple-macos-gcc -qversion >&5
powerpc-apple-macos-gcc: error: unrecognized command-line option '-qversion'; did you mean '--version'?
powerpc-apple-macos-gcc: fatal error: no input files
compilation terminated.
configure:12877: $? = 1
configure:12881: checking whether the compiler supports GNU Objective C
configure:12901: powerpc-apple-macos-gcc -c   conftest.m >&5
powerpc-apple-macos-gcc: error: conftest.m: Objective-C compiler not installed on this system
configure:12901: $? = 1
configure: failed program was:
| /* confdefs.h */
| #define PACKAGE_NAME "SDL2_image"
| #define PACKAGE_TARNAME "SDL2_image"
| #define PACKAGE_VERSION "2.9.0"
| #define PACKAGE_STRING "SDL2_image 2.9.0"
| #define PACKAGE_BUGREPORT "https://github.com/libsdl-org/SDL_image/issues"
| #define PACKAGE_URL ""
| #define HAVE_STDIO_H 1
| #define HAVE_STDLIB_H 1
| #define HAVE_STRING_H 1
| #define HAVE_INTTYPES_H 1
| #define HAVE_STDINT_H 1
| #define HAVE_STRINGS_H 1
| #define HAVE_SYS_STAT_H 1
| #define HAVE_SYS_TYPES_H 1
| #define HAVE_UNISTD_H 1
| #define STDC_HEADERS 1
| #define LT_OBJDIR ".libs/"
| #define SDL_BUILD_MAJOR_VERSION 2
| #define SDL_BUILD_MINOR_VERSION 9
| #define SDL_BUILD_MICRO_VERSION 0
| #define PACKAGE "SDL2_image"
| #define VERSION "2.9.0"
| /* end confdefs.h.  */
| 
| int
| main (void)
| {
| #ifndef __GNUC__
|        choke me
| #endif
| 
|   ;
|   return 0;
| }
configure:12911: result: no
configure:12922: checking whether powerpc-apple-macos-gcc accepts -g
configure:12943: powerpc-apple-macos-gcc -c -g  conftest.m >&5
powerpc-apple-macos-gcc: error: conftest.m: Objective-C compiler not installed on this system
configure:12943: $? = 1
configure: failed program was:
| /* confdefs.h */
| #define PACKAGE_NAME "SDL2_image"
| #define PACKAGE_TARNAME "SDL2_image"
| #define PACKAGE_VERSION "2.9.0"
| #define PACKAGE_STRING "SDL2_image 2.9.0"
| #define PACKAGE_BUGREPORT "https://github.com/libsdl-org/SDL_image/issues"
| #define PACKAGE_URL ""
| #define HAVE_STDIO_H 1
| #define HAVE_STDLIB_H 1
| #define HAVE_STRING_H 1
| #define HAVE_INTTYPES_H 1
| #define HAVE_STDINT_H 1
| #define HAVE_STRINGS_H 1
| #define HAVE_SYS_STAT_H 1
| #define HAVE_SYS_TYPES_H 1
| #define HAVE_UNISTD_H 1
| #define STDC_HEADERS 1
| #define LT_OBJDIR ".libs/"
| #define SDL_BUILD_MAJOR_VERSION 2
| #define SDL_BUILD_MINOR_VERSION 9
| #define SDL_BUILD_MICRO_VERSION 0
| #define PACKAGE "SDL2_image"
| #define VERSION "2.9.0"
| /* end confdefs.h.  */
| 
| int
| main (void)
| {
| 
|   ;
|   return 0;
| }
configure:12959: powerpc-apple-macos-gcc -c   conftest.m >&5
powerpc-apple-macos-gcc: error: conftest.m: Objective-C compiler not installed on this system
configure:12959: $? = 1
configure: failed program was:
| /* confdefs.h */
| #define PACKAGE_NAME "SDL2_image"
| #define PACKAGE_TARNAME "SDL2_image"
| #define PACKAGE_VERSION "2.9.0"
| #define PACKAGE_STRING "SDL2_image 2.9.0"
| #define PACKAGE_BUGREPORT "https://github.com/libsdl-org/SDL_image/issues"
| #define PACKAGE_URL ""
| #define HAVE_STDIO_H 1
| #define HAVE_STDLIB_H 1
| #define HAVE_STRING_H 1
| #define HAVE_INTTYPES_H 1
| #define HAVE_STDINT_H 1
| #define HAVE_STRINGS_H 1
| #define HAVE_SYS_STAT_H 1
| #define HAVE_SYS_TYPES_H 1
| #define HAVE_UNISTD_H 1
| #define STDC_HEADERS 1
| #define LT_OBJDIR ".libs/"
| #define SDL_BUILD_MAJOR_VERSION 2
| #define SDL_BUILD_MINOR_VERSION 9
| #define SDL_BUILD_MICRO_VERSION 0
| #define PACKAGE "SDL2_image"
| #define VERSION "2.9.0"
| /* end confdefs.h.  */
| 
| int
| main (void)
| {
| 
|   ;
|   return 0;
| }
configure:12976: powerpc-apple-macos-gcc -c -g  conftest.m >&5
powerpc-apple-macos-gcc: error: conftest.m: Objective-C compiler not installed on this system
configure:12976: $? = 1
configure: failed program was:
| /* confdefs.h */
| #define PACKAGE_NAME "SDL2_image"
| #define PACKAGE_TARNAME "SDL2_image"
| #define PACKAGE_VERSION "2.9.0"
| #define PACKAGE_STRING "SDL2_image 2.9.0"
| #define PACKAGE_BUGREPORT "https://github.com/libsdl-org/SDL_image/issues"
| #define PACKAGE_URL ""
| #define HAVE_STDIO_H 1
| #define HAVE_STDLIB_H 1
| #define HAVE_STRING_H 1
| #define HAVE_INTTYPES_H 1
| #define HAVE_STDINT_H 1
| #define HAVE_STRINGS_H 1
| #define HAVE_SYS_STAT_H 1
| #define HAVE_SYS_TYPES_H 1
| #define HAVE_UNISTD_H 1
| #define STDC_HEADERS 1
| #define LT_OBJDIR ".libs/"
| #define SDL_BUILD_MAJOR_VERSION 2
| #define SDL_BUILD_MINOR_VERSION 9
| #define SDL_BUILD_MICRO_VERSION 0
| #define PACKAGE "SDL2_image"
| #define VERSION "2.9.0"
| /* end confdefs.h.  */
| 
| int
| main (void)
| {
| 
|   ;
|   return 0;
| }
configure:12987: result: no
configure:13012: checking dependency style of powerpc-apple-macos-gcc
configure:13122: result: gcc3
configure:13140: checking for powerpc-apple-macos-windres
configure:13175: result: no
configure:13185: checking for windres
configure:13220: result: no
configure:13240: checking for fgrep
configure:13308: result: /usr/bin/grep -F
configure:13313: checking whether make sets $(MAKE)
configure:13336: result: yes
configure:13356: checking for powerpc-apple-macos-pkg-config
configure:13394: result: no
configure:13404: checking for pkg-config
configure:13427: found /usr/bin/pkg-config
configure:13439: result: /usr/bin/pkg-config
configure:13451: WARNING: using cross tools not prefixed with host triplet
configure:13464: checking pkg-config is at least version 0.9.0
configure:13467: result: yes
configure:13484: checking for gsort
configure:13519: result: no
configure:13484: checking for sort
configure:13505: found /usr/bin/sort
configure:13516: result: sort
configure:14018: checking for sdl2 >= 2.0.9
configure:14083: result: yes
configure:13633: checking for linker option --no-undefined
configure:13653: powerpc-apple-macos-gcc -o conftest -g -O2 -I/home/nick/Retro68-build/toolchain/powerpc-apple-macos/include/SDL2   -Wl,--no-undefined conftest.c  -L/home/nick/Retro68-build/toolchain/powerpc-apple-macos/lib -lSDL2 -lm >&5
configure:13653: $? = 0
configure:13663: result: yes
configure:13669: checking for GCC -Wall option
configure:13686: powerpc-apple-macos-gcc -c -g -O2 -I/home/nick/Retro68-build/toolchain/powerpc-apple-macos/include/SDL2 -Wall  conftest.c >&5
configure:13686: $? = 0
configure:13691: result: yes
configure:13698: checking for necessary GCC -Wno-multichar option
configure:13706: result: no
configure:13716: checking for GCC -fvisibility=hidden option
configure:13745: powerpc-apple-macos-gcc -c -g -O2 -I/home/nick/Retro68-build/toolchain/powerpc-apple-macos/include/SDL2 -Wall -fvisibility=hidden -Werror  conftest.c >&5
configure:13745: $? = 0
configure:13750: result: yes
configure:16354: checking that generated files are newer than configure
configure:16360: result: done
configure:16403: creating ./config.status

## ---------------------- ##
## Running config.status. ##
## ---------------------- ##

This file was extended by SDL2_image config.status 2.9.0, which was
generated by GNU Autoconf 2.71.  Invocation command line was

  CONFIG_FILES    = 
  CONFIG_HEADERS  = 
  CONFIG_LINKS    = 
  CONFIG_COMMANDS = 
  $ ./config.status 

on nick-hplaptop17by0xxx

config.status:1063: creating Makefile
config.status:1063: creating sdl2_image-config.cmake
config.status:1063: creating sdl2_image-config-version.cmake
config.status:1063: creating SDL2_image.spec
config.status:1063: creating SDL2_image.pc
config.status:1063: creating test/Makefile
config.status:1235: executing libtool commands
config.status:1235: executing depfiles commands
config.status:1954: cd .       && sed -e '/# am--include-marker/d' Makefile         | make -f - am--depfiles
make: Nothing to be done for 'am--depfiles'.
config.status:1959: $? = 0
config.status:1954: cd test       && sed -e '/# am--include-marker/d' Makefile         | make -f - am--depfiles
make: Nothing to be done for 'am--depfiles'.
config.status:1959: $? = 0

## ---------------- ##
## Cache variables. ##
## ---------------- ##

ac_cv_build=x86_64-pc-linux-gnu
ac_cv_c_compiler_gnu=yes
ac_cv_env_CC_set=
ac_cv_env_CC_value=
ac_cv_env_CFLAGS_set=
ac_cv_env_CFLAGS_value=
ac_cv_env_CPPFLAGS_set=
ac_cv_env_CPPFLAGS_value=
ac_cv_env_LDFLAGS_set=
ac_cv_env_LDFLAGS_value=
ac_cv_env_LIBAVIF_CFLAGS_set=
ac_cv_env_LIBAVIF_CFLAGS_value=
ac_cv_env_LIBAVIF_LIBS_set=
ac_cv_env_LIBAVIF_LIBS_value=
ac_cv_env_LIBJPEG_CFLAGS_set=
ac_cv_env_LIBJPEG_CFLAGS_value=
ac_cv_env_LIBJPEG_LIBS_set=
ac_cv_env_LIBJPEG_LIBS_value=
ac_cv_env_LIBJXL_CFLAGS_set=
ac_cv_env_LIBJXL_CFLAGS_value=
ac_cv_env_LIBJXL_LIBS_set=
ac_cv_env_LIBJXL_LIBS_value=
ac_cv_env_LIBPNG_CFLAGS_set=
ac_cv_env_LIBPNG_CFLAGS_value=
ac_cv_env_LIBPNG_LIBS_set=
ac_cv_env_LIBPNG_LIBS_value=
ac_cv_env_LIBS_set=
ac_cv_env_LIBS_value=
ac_cv_env_LIBTIFF_CFLAGS_set=
ac_cv_env_LIBTIFF_CFLAGS_value=
ac_cv_env_LIBTIFF_LIBS_set=
ac_cv_env_LIBTIFF_LIBS_value=
ac_cv_env_LIBWEBPDEMUX_CFLAGS_set=
ac_cv_env_LIBWEBPDEMUX_CFLAGS_value=
ac_cv_env_LIBWEBPDEMUX_LIBS_set=
ac_cv_env_LIBWEBPDEMUX_LIBS_value=
ac_cv_env_LIBWEBP_CFLAGS_set=
ac_cv_env_LIBWEBP_CFLAGS_value=
ac_cv_env_LIBWEBP_LIBS_set=
ac_cv_env_LIBWEBP_LIBS_value=
ac_cv_env_OBJCFLAGS_set=
ac_cv_env_OBJCFLAGS_value=
ac_cv_env_OBJC_set=
ac_cv_env_OBJC_value=
ac_cv_env_PKG_CONFIG_LIBDIR_set=
ac_cv_env_PKG_CONFIG_LIBDIR_value=
ac_cv_env_PKG_CONFIG_PATH_set=
ac_cv_env_PKG_CONFIG_PATH_value=
ac_cv_env_PKG_CONFIG_set=
ac_cv_env_PKG_CONFIG_value=
ac_cv_env_SDL_CFLAGS_set=set
ac_cv_env_SDL_CFLAGS_value=-I/home/nick/Retro68-build/toolchain/powerpc-apple-macos/include/SDL2
ac_cv_env_SDL_LIBS_set=set
ac_cv_env_SDL_LIBS_value='-L/home/nick/Retro68-build/toolchain/powerpc-apple-macos/lib -lSDL2 -lm'
ac_cv_env_build_alias_set=
ac_cv_env_build_alias_value=
ac_cv_env_host_alias_set=set
ac_cv_env_host_alias_value=powerpc-apple-macos
ac_cv_env_target_alias_set=
ac_cv_env_target_alias_value=
ac_cv_header_dlfcn_h=no
ac_cv_header_inttypes_h=yes
ac_cv_header_stdint_h=yes
ac_cv_header_stdio_h=yes
ac_cv_header_stdlib_h=yes
ac_cv_header_string_h=yes
ac_cv_header_strings_h=yes
ac_cv_header_sys_stat_h=yes
ac_cv_header_sys_types_h=yes
ac_cv_header_unistd_h=yes
ac_cv_host=powerpc-apple-macos
ac_cv_objc_compiler_gnu=no
ac_cv_objext=o
ac_cv_path_EGREP='/usr/bin/grep -E'
ac_cv_path_FGREP='/usr/bin/grep -F'
ac_cv_path_GREP=/usr/bin/grep
ac_cv_path_SED=/usr/bin/sed
ac_cv_path_ac_pt_PKG_CONFIG=/usr/bin/pkg-config
ac_cv_path_install='/usr/bin/install -c'
ac_cv_path_mkdir=/usr/bin/mkdir
ac_cv_prog_AR=powerpc-apple-macos-ar
ac_cv_prog_AWK=mawk
ac_cv_prog_CC=powerpc-apple-macos-gcc
ac_cv_prog_OBJC=powerpc-apple-macos-gcc
ac_cv_prog_OBJDUMP=powerpc-apple-macos-objdump
ac_cv_prog_RANLIB=powerpc-apple-macos-ranlib
ac_cv_prog_SORT=sort
ac_cv_prog_STRIP=powerpc-apple-macos-strip
ac_cv_prog_cc_c11=
ac_cv_prog_cc_g=yes
ac_cv_prog_cc_stdc=
ac_cv_prog_make_make_set=yes
ac_cv_prog_objc_g=no
am_cv_CC_dependencies_compiler_type=gcc3
am_cv_OBJC_dependencies_compiler_type=gcc3
am_cv_make_support_nested_variables=yes
am_cv_prog_cc_c_o=yes
am_cv_prog_tar_ustar=gnutar
lt_cv_deplibs_check_method=unknown
lt_cv_file_magic_cmd='$MAGIC_CMD'
lt_cv_file_magic_test_file=
lt_cv_ld_reload_flag=-r
lt_cv_nm_interface='BSD nm'
lt_cv_objdir=.libs
lt_cv_path_LD=/home/nick/Retro68-build/toolchain/powerpc-apple-macos/bin/ld
lt_cv_path_NM='/home/nick/Retro68-build/toolchain/bin/powerpc-apple-macos-nm -B'
lt_cv_prog_compiler_c_o=yes
lt_cv_prog_compiler_pic_works=yes
lt_cv_prog_compiler_rtti_exceptions=no
lt_cv_prog_compiler_static_works=yes
lt_cv_prog_gnu_ld=yes
lt_cv_sys_global_symbol_pipe='sed -n -e '\''s/^.*[	 ]\([ABCDGIRSTW][ABCDGIRSTW]*\)[	 ][	 ]*\([_A-Za-z][_A-Za-z0-9]*\)$/\1 \2 \2/p'\'''
lt_cv_sys_global_symbol_to_c_name_address='sed -n -e '\''s/^: \([^ ]*\) $/  {\"\1\", (void *) 0},/p'\'' -e '\''s/^[ABCDGIRSTW]* \([^ ]*\) \([^ ]*\)$/  {"\2", (void *) \&\2},/p'\'''
lt_cv_sys_global_symbol_to_c_name_address_lib_prefix='sed -n -e '\''s/^: \([^ ]*\) $/  {\"\1\", (void *) 0},/p'\'' -e '\''s/^[ABCDGIRSTW]* \([^ ]*\) \(lib[^ ]*\)$/  {"\2", (void *) \&\2},/p'\'' -e '\''s/^[ABCDGIRSTW]* \([^ ]*\) \([^ ]*\)$/  {"lib\2", (void *) \&\2},/p'\'''
lt_cv_sys_global_symbol_to_cdecl='sed -n -e '\''s/^T .* \(.*\)$/extern int \1();/p'\'' -e '\''s/^[ABCDGIRSTW]* .* \(.*\)$/extern char \1;/p'\'''
lt_cv_sys_max_cmd_len=1572864
pkg_cv_SDL_CFLAGS=-I/home/nick/Retro68-build/toolchain/powerpc-apple-macos/include/SDL2
pkg_cv_SDL_LIBS='-L/home/nick/Retro68-build/toolchain/powerpc-apple-macos/lib -lSDL2 -lm'

## ----------------- ##
## Output variables. ##
## ----------------- ##

ACLOCAL='${SHELL} '\''/home/nick/SDL2_image/missing'\'' aclocal-1.16'
AMDEPBACKSLASH='\'
AMDEP_FALSE='#'
AMDEP_TRUE=''
AMTAR='$${TAR-tar}'
AM_BACKSLASH='\'
AM_DEFAULT_V='$(AM_DEFAULT_VERBOSITY)'
AM_DEFAULT_VERBOSITY='1'
AM_V='$(V)'
AR='powerpc-apple-macos-ar'
AS='as'
AUTOCONF='${SHELL} '\''/home/nick/SDL2_image/missing'\'' autoconf'
AUTOHEADER='${SHELL} '\''/home/nick/SDL2_image/missing'\'' autoheader'
AUTOMAKE='${SHELL} '\''/home/nick/SDL2_image/missing'\'' automake-1.16'
AWK='mawk'
BUILD_TESTS_FALSE=''
BUILD_TESTS_TRUE='#'
CC='powerpc-apple-macos-gcc'
CCDEPMODE='depmode=gcc3'
CFLAGS='-g -O2 -I/home/nick/Retro68-build/toolchain/powerpc-apple-macos/include/SDL2 -Wall -fvisibility=hidden'
CMAKE_LIBS=''
CPPFLAGS=''
CSCOPE='cscope'
CTAGS='ctags'
CYGPATH_W='echo'
DEFS='-DPACKAGE_NAME=\"SDL2_image\" -DPACKAGE_TARNAME=\"SDL2_image\" -DPACKAGE_VERSION=\"2.9.0\" -DPACKAGE_STRING=\"SDL2_image\ 2.9.0\" -DPACKAGE_BUGREPORT=\"https://github.com/libsdl-org/SDL_image/issues\" -DPACKAGE_URL=\"\" -DHAVE_STDIO_H=1 -DHAVE_STDLIB_H=1 -DHAVE_STRING_H=1 -DHAVE_INTTYPES_H=1 -DHAVE_STDINT_H=1 -DHAVE_STRINGS_H=1 -DHAVE_SYS_STAT_H=1 -DHAVE_SYS_TYPES_H=1 -DHAVE_UNISTD_H=1 -DSTDC_HEADERS=1 -DLT_OBJDIR=\".libs/\" -DSDL_BUILD_MAJOR_VERSION=2 -DSDL_BUILD_MINOR_VERSION=9 -DSDL_BUILD_MICRO_VERSION=0 -DPACKAGE=\"SDL2_image\" -DVERSION=\"2.9.0\" -DUSE_STBIMAGE=1 -DLOAD_JPG=1 -DLOAD_PNG=1 -DLOAD_BMP=1 -DLOAD_GIF=1 -DLOAD_LBM=1 -DLOAD_PCX=1 -DLOAD_PNM=1 -DLOAD_SVG=1 -DLOAD_TGA=1 -DLOAD_XCF=1 -DLOAD_XPM=1 -DLOAD_XV=1 -DLOAD_QOI=1 -DSDL_IMAGE_SAVE_PNG=1 -DSDL_IMAGE_SAVE_JPG=1'
DEPDIR='.deps'
DLLTOOL='dlltool'
DSYMUTIL=''
DUMPBIN=''
ECHO_C=''
ECHO_N='-n'
ECHO_T=''
EGREP='/usr/bin/grep -E'
ETAGS='etags'
EXEEXT=''
FGREP='/usr/bin/grep -F'
GREP='/usr/bin/grep'
IMG_LIBS=''
INSTALL_DATA='${INSTALL} -m 644'
INSTALL_PROGRAM='${INSTALL}'
INSTALL_SCRIPT='${INSTALL}'
INSTALL_STRIP_PROGRAM='$(install_sh) -c -s'
INSTALL_TESTS_FALSE=''
INSTALL_TESTS_TRUE='#'
LD='/home/nick/Retro68-build/toolchain/powerpc-apple-macos/bin/ld'
LDFLAGS=' -Wl,--no-undefined'
LIBAVIF_CFLAGS=''
LIBAVIF_LIBS=''
LIBJPEG_CFLAGS=''
LIBJPEG_LIBS=''
LIBJXL_CFLAGS=''
LIBJXL_LIBS=''
LIBOBJS=''
LIBPNG_CFLAGS=''
LIBPNG_LIBS=''
LIBS=' -L/home/nick/Retro68-build/toolchain/powerpc-apple-macos/lib -lSDL2 -lm'
LIBTIFF_CFLAGS=''
LIBTIFF_LIBS=''
LIBTOOL='$(SHELL) $(top_builddir)/libtool'
LIBWEBPDEMUX_CFLAGS=''
LIBWEBPDEMUX_LIBS=''
LIBWEBP_CFLAGS=''
LIBWEBP_LIBS=''
LIPO=''
LN_S='ln -s'
LOAD_AVIF='0'
LOAD_BMP='1'
LOAD_GIF='1'
LOAD_JPG='1'
LOAD_JXL='0'
LOAD_LBM='1'
LOAD_PCX='1'
LOAD_PNG='1'
LOAD_PNM='1'
LOAD_QOI='1'
LOAD_SVG='1'
LOAD_TGA='1'
LOAD_TIF='0'
LOAD_WEBP=''
LOAD_XCF='1'
LOAD_XPM='1'
LOAD_XV='1'
LTLIBOBJS=''
LT_AGE='900'
LT_CURRENT='900'
LT_EXTRA=''
LT_RELEASE='2.0'
LT_REVISION='0'
MAJOR_VERSION='2'
MAKEINFO='${SHELL} '\''/home/nick/SDL2_image/missing'\'' makeinfo'
MICRO_VERSION='0'
MINOR_VERSION='9'
MKDIR_P='/usr/bin/mkdir -p'
NM='/home/nick/Retro68-build/toolchain/bin/powerpc-apple-macos-nm -B'
NMEDIT=''
OBJC='powerpc-apple-macos-gcc'
OBJCDEPMODE='depmode=gcc3'
OBJCFLAGS='-g -O2 -I/home/nick/Retro68-build/toolchain/powerpc-apple-macos/include/SDL2 -Wall -fvisibility=hidden'
OBJDUMP='powerpc-apple-macos-objdump'
OBJEXT='o'
OTOOL64=''
OTOOL=''
PACKAGE='SDL2_image'
PACKAGE_BUGREPORT='https://github.com/libsdl-org/SDL_image/issues'
PACKAGE_NAME='SDL2_image'
PACKAGE_STRING='SDL2_image 2.9.0'
PACKAGE_TARNAME='SDL2_image'
PACKAGE_URL=''
PACKAGE_VERSION='2.9.0'
PATH_SEPARATOR=':'
PC_LIBS=''
PC_REQUIRES=''
PKG_CONFIG='/usr/bin/pkg-config'
PKG_CONFIG_LIBDIR=''
PKG_CONFIG_PATH=''
RANLIB='powerpc-apple-macos-ranlib'
RC=':'
SDL2IMAGE_JPG_SAVE='1'
SDL2IMAGE_PNG_SAVE='1'
SDL2_CONFIG='/usr/bin/pkg-config sdl2'
SDL_CFLAGS='-I/home/nick/Retro68-build/toolchain/powerpc-apple-macos/include/SDL2'
SDL_LIBS='-L/home/nick/Retro68-build/toolchain/powerpc-apple-macos/lib -lSDL2 -lm'
SDL_VERSION='2.0.9'
SED='/usr/bin/sed'
SET_MAKE=''
SHELL='/bin/bash'
SORT='sort'
STRIP='powerpc-apple-macos-strip'
USE_IMAGEIO='0'
USE_IMAGEIO_FALSE=''
USE_IMAGEIO_TRUE='#'
USE_STBIMAGE='1'
USE_VERSION_RC_FALSE=''
USE_VERSION_RC_TRUE='#'
USE_WIC='0'
VERSION='2.9.0'
ac_ct_CC=''
ac_ct_DUMPBIN=''
ac_ct_OBJC=''
am__EXEEXT_FALSE=''
am__EXEEXT_TRUE='#'
am__fastdepCC_FALSE='#'
am__fastdepCC_TRUE=''
am__fastdepOBJC_FALSE='#'
am__fastdepOBJC_TRUE=''
am__include='include'
am__isrc=''
am__leading_dot='.'
am__nodep='_no'
am__quote=''
am__tar='tar --format=ustar -cf - "$$tardir"'
am__untar='tar -xf -'
bindir='${exec_prefix}/bin'
build='x86_64-pc-linux-gnu'
build_alias=''
build_cpu='x86_64'
build_os='linux-gnu'
build_vendor='pc'
cmake_prefix_relpath='../../..'
datadir='${datarootdir}'
datarootdir='${prefix}/share'
docdir='${datarootdir}/doc/${PACKAGE_TARNAME}'
dvidir='${docdir}'
exec_prefix='${prefix}'
host='powerpc-apple-macos'
host_alias='powerpc-apple-macos'
host_cpu='powerpc'
host_os='macos'
host_vendor='apple'
htmldir='${docdir}'
includedir='${prefix}/include'
infodir='${datarootdir}/info'
install_sh='${SHELL} /home/nick/SDL2_image/install-sh'
libdir='${exec_prefix}/lib'
libexecdir='${exec_prefix}/libexec'
localedir='${datarootdir}/locale'
localstatedir='${prefix}/var'
lt_ECHO='echo'
mandir='${datarootdir}/man'
mkdir_p='$(MKDIR_P)'
oldincludedir='/usr/include'
pdfdir='${docdir}'
prefix='/usr/local'
program_transform_name='s,x,x,'
psdir='${docdir}'
runstatedir='${localstatedir}/run'
sbindir='${exec_prefix}/sbin'
sharedstatedir='${prefix}/com'
sysconfdir='${prefix}/etc'
target_alias=''

## ----------- ##
## confdefs.h. ##
## ----------- ##

/* confdefs.h */
#define PACKAGE_NAME "SDL2_image"
#define PACKAGE_TARNAME "SDL2_image"
#define PACKAGE_VERSION "2.9.0"
#define PACKAGE_STRING "SDL2_image 2.9.0"
#define PACKAGE_BUGREPORT "https://github.com/libsdl-org/SDL_image/issues"
#define PACKAGE_URL ""
#define HAVE_STDIO_H 1
#define HAVE_STDLIB_H 1
#define HAVE_STRING_H 1
#define HAVE_INTTYPES_H 1
#define HAVE_STDINT_H 1
#define HAVE_STRINGS_H 1
#define HAVE_SYS_STAT_H 1
#define HAVE_SYS_TYPES_H 1
#define HAVE_UNISTD_H 1
#define STDC_HEADERS 1
#define LT_OBJDIR ".libs/"
#define SDL_BUILD_MAJOR_VERSION 2
#define SDL_BUILD_MINOR_VERSION 9
#define SDL_BUILD_MICRO_VERSION 0
#define PACKAGE "SDL2_image"
#define VERSION "2.9.0"
#define USE_STBIMAGE 1
#define LOAD_JPG 1
#define LOAD_PNG 1
#define LOAD_BMP 1
#define LOAD_GIF 1
#define LOAD_LBM 1
#define LOAD_PCX 1
#define LOAD_PNM 1
#define LOAD_SVG 1
#define LOAD_TGA 1
#define LOAD_XCF 1
#define LOAD_XPM 1
#define LOAD_XV 1
#define LOAD_QOI 1
#define SDL_IMAGE_SAVE_PNG 1
#define SDL_IMAGE_SAVE_JPG 1

configure: exit 0
